<?xml version="1.0" encoding="UTF-8"?>
<!-- Generated by org.testng.reporters.JUnitReportReporter -->
<testsuite hostname="DESKTOP-A5CHD3A" failures="0" tests="3" name="com.learning_TestNG.DWS_Login_With_Mutliple_Users" time="31.425" errors="0" timestamp="2024-08-21T17:12:45 IST" skipped="0">
  <testcase classname="com.learning_TestNG.DWS_Login_With_Mutliple_Users" name="loginTest" time="10.444"/>
  <testcase classname="com.learning_TestNG.DWS_Login_With_Mutliple_Users" name="loginTest" time="9.150"/>
  <testcase classname="com.learning_TestNG.DWS_Login_With_Mutliple_Users" name="loginTest" time="11.831"/>
</testsuite> <!-- com.learning_TestNG.DWS_Login_With_Mutliple_Users -->
