<?xml version="1.0" encoding="UTF-8"?>
<!-- Generated by org.testng.reporters.JUnitReportReporter -->
<testsuite hostname="DESKTOP-A5CHD3A" failures="0" tests="1" name="com.learning_TestNG.Fetching_Single_Data_From_Excel" time="8.723" errors="0" timestamp="2024-08-20T17:18:55 IST" skipped="0">
  <testcase classname="com.learning_TestNG.Fetching_Single_Data_From_Excel" name="registerTest" time="8.723"/>
</testsuite> <!-- com.learning_TestNG.Fetching_Single_Data_From_Excel -->
