<?xml version="1.0" encoding="UTF-8"?>
<!-- Generated by org.testng.reporters.JUnitReportReporter -->
<testsuite hostname="DESKTOP-A5CHD3A" failures="0" tests="5" name="com.learning_TestNG.InvocationCount_Attribute" time="34.532" errors="0" timestamp="2024-08-08T17:28:40 IST" skipped="0">
  <testcase classname="com.learning_TestNG.InvocationCount_Attribute" name="searchTest" time="6.808"/>
  <testcase classname="com.learning_TestNG.InvocationCount_Attribute" name="searchTest" time="8.404"/>
  <testcase classname="com.learning_TestNG.InvocationCount_Attribute" name="searchTest" time="6.546"/>
  <testcase classname="com.learning_TestNG.InvocationCount_Attribute" name="searchTest" time="6.284"/>
  <testcase classname="com.learning_TestNG.InvocationCount_Attribute" name="searchTest" time="6.490"/>
</testsuite> <!-- com.learning_TestNG.InvocationCount_Attribute -->
