<?xml version="1.0" encoding="UTF-8"?>
<!-- Generated by org.testng.reporters.JUnitReportReporter -->
<testsuite hostname="DESKTOP-A5CHD3A" failures="0" tests="2" name="com.learning_TestNG.Configuration_Annotations" time="0.009" errors="0" timestamp="2024-08-10T17:10:23 IST" skipped="0">
  <testcase classname="com.learning_TestNG.Configuration_Annotations" name="searchTest" time="0.005">
    <system-out>
      <![CDATA[Executing Search test Case...]]>
    </system-out>
  </testcase> <!-- searchTest -->
  <testcase classname="com.learning_TestNG.Configuration_Annotations" name="AddToCartTest" time="0.004">
    <system-out>
      <![CDATA[Executing Search test Case...]]>
    </system-out>
  </testcase> <!-- AddToCartTest -->
  <system-out>
    <![CDATA[Executing Before Suite...
Executing Before Test...
Executing Before Class...
Executing Before Method...
Executing Search test Case...
Executing After Method...
Executing Before Method...
Executing Search test Case...
Executing After Method...
Executing After Class...
Executing After Test...
Executing After Suite...]]>
  </system-out>
</testsuite> <!-- com.learning_TestNG.Configuration_Annotations -->
