<?xml version="1.0" encoding="UTF-8"?>
<!-- Generated by org.testng.reporters.JUnitReportReporter -->
<testsuite hostname="DESKTOP-A5CHD3A" failures="0" tests="1" name="com.learning_TestNG.SearchTest" time="7.296" errors="0" timestamp="2024-08-10T17:42:58 IST" skipped="0">
  <testcase classname="com.learning_TestNG.SearchTest" name="searchTest" time="7.296"/>
</testsuite> <!-- com.learning_TestNG.SearchTest -->
