<?xml version="1.0" encoding="UTF-8"?>
<!-- Generated by org.testng.reporters.JUnitReportReporter -->
<testsuite hostname="DESKTOP-A5CHD3A" failures="0" tests="1" name="com.learning_TestNG.Search_Product_In_DWS" time="5.893" errors="0" timestamp="2024-08-22T16:32:48 IST" skipped="0">
  <testcase classname="com.learning_TestNG.Search_Product_In_DWS" name="searchTest" time="5.893">
    <system-out>
      <![CDATA[Invalid Page displayed ....]]>
    </system-out>
  </testcase> <!-- searchTest -->
  <system-out>
    <![CDATA[Invalid Page displayed ....]]>
  </system-out>
</testsuite> <!-- com.learning_TestNG.Search_Product_In_DWS -->
