<?xml version="1.0" encoding="UTF-8"?>
<!-- Generated by org.testng.reporters.JUnitReportReporter -->
<testsuite hostname="DESKTOP-A5CHD3A" failures="0" tests="1" name="com.learning_TestNG.Learning_External_Report" time="12.440" errors="0" timestamp="2024-09-04T16:57:33 IST" skipped="0">
  <testcase classname="com.learning_TestNG.Learning_External_Report" name="addAddressTest" time="12.440"/>
</testsuite> <!-- com.learning_TestNG.Learning_External_Report -->
