<?xml version="1.0" encoding="UTF-8"?>
<!-- Generated by org.testng.reporters.JUnitReportReporter -->
<testsuite hostname="DESKTOP-A5CHD3A" failures="0" tests="1" name="com.learning_TestNG.Learning_Properties_File" time="11.115" errors="0" timestamp="2024-08-19T16:44:14 IST" skipped="0">
  <testcase classname="com.learning_TestNG.Learning_Properties_File" name="loginToDWS" time="11.115"/>
</testsuite> <!-- com.learning_TestNG.Learning_Properties_File -->
