<?xml version="1.0" encoding="UTF-8"?>
<!-- Generated by org.testng.reporters.JUnitReportReporter -->
<testsuite hostname="DESKTOP-A5CHD3A" failures="0" tests="2" name="com.learning_TestNG.CartTest" time="15.846" errors="0" timestamp="2024-08-13T17:17:21 IST" skipped="0">
  <testcase classname="com.learning_TestNG.CartTest" name="addToCartTest" time="7.798">
    <system-out>
      <![CDATA[Product is added into the cart....]]>
    </system-out>
  </testcase> <!-- addToCartTest -->
  <testcase classname="com.learning_TestNG.CartTest" name="removeFromCartTest" time="8.048"/>
  <system-out>
    <![CDATA[Product is added into the cart....]]>
  </system-out>
</testsuite> <!-- com.learning_TestNG.CartTest -->
