<?xml version="1.0" encoding="UTF-8"?>
<!-- Generated by org.testng.reporters.JUnitReportReporter -->
<testsuite hostname="DESKTOP-A5CHD3A" failures="0" tests="2" name="com.testScripts.CartTest" time="18.893" errors="0" timestamp="2024-09-03T17:14:59 IST" skipped="0">
  <testcase classname="com.testScripts.CartTest" name="removeFromCartTest" time="8.877"/>
  <testcase classname="com.testScripts.CartTest" name="addToCartTest" time="10.016">
    <system-out>
      <![CDATA[Product is added into the cart....]]>
    </system-out>
  </testcase> <!-- addToCartTest -->
  <system-out>
    <![CDATA[Product is added into the cart....]]>
  </system-out>
</testsuite> <!-- com.testScripts.CartTest -->
