<?xml version="1.0" encoding="UTF-8"?>
<!-- Generated by org.testng.reporters.JUnitReportReporter -->
<testsuite hostname="DESKTOP-A5CHD3A" failures="0" tests="3" name="com.learning_TestNG.Enabled_Attribute" time="0.009" errors="0" timestamp="2024-08-08T17:06:43 IST" skipped="1">
  <testcase classname="com.learning_TestNG.Enabled_Attribute" name="loginTest" time="0.008">
    <system-out>
      <![CDATA[Executing Login Test Case....]]>
    </system-out>
  </testcase> <!-- loginTest -->
  <testcase classname="com.learning_TestNG.Enabled_Attribute" name="addToCartTest" time="0.001">
    <system-out>
      <![CDATA[Executing Add To Cart Test Case....]]>
    </system-out>
  </testcase> <!-- addToCartTest -->
  <testcase classname="com.learning_TestNG.Enabled_Attribute" name="registerTest">
    <skipped/>
  </testcase> <!-- registerTest -->
  <system-out>
    <![CDATA[Executing Login Test Case....
Executing Add To Cart Test Case....]]>
  </system-out>
</testsuite> <!-- com.learning_TestNG.Enabled_Attribute -->
