<?xml version="1.0" encoding="UTF-8"?>
<!-- Generated by org.testng.reporters.JUnitReportReporter -->
<testsuite hostname="DESKTOP-A5CHD3A" failures="0" tests="3" name="com.learning_TestNG.DependsOnMethods_Attribute" time="0.013" errors="0" timestamp="2024-08-08T16:52:06 IST" skipped="0">
  <testcase classname="com.learning_TestNG.DependsOnMethods_Attribute" name="registerTest" time="0.010">
    <system-out>
      <![CDATA[Executing Register Test Case....]]>
    </system-out>
  </testcase> <!-- registerTest -->
  <testcase classname="com.learning_TestNG.DependsOnMethods_Attribute" name="loginTest" time="0.002">
    <system-out>
      <![CDATA[Executing Login Test Case....]]>
    </system-out>
  </testcase> <!-- loginTest -->
  <testcase classname="com.learning_TestNG.DependsOnMethods_Attribute" name="addToCartTest" time="0.001">
    <system-out>
      <![CDATA[Executing Add To Cart Test Case....]]>
    </system-out>
  </testcase> <!-- addToCartTest -->
  <system-out>
    <![CDATA[Executing Register Test Case....
Executing Login Test Case....
Executing Add To Cart Test Case....]]>
  </system-out>
</testsuite> <!-- com.learning_TestNG.DependsOnMethods_Attribute -->
